This is pdfTeX, Version 3.141592653-2.6-1.40.25 (MiKTeX 24.1) (preloaded format=pdflatex 2024.6.10)  10 JUN 2024 15:08
entering extended mode
 restricted \write18 enabled.
 file:line:error style messages enabled.
 %&-line parsing enabled.
**"c:/Users/Legdi/Downloads/arduino_robot-main (4)/arduino_robot-main/report/report.tex"
(c:/Users/Legdi/Downloads/arduino_robot-main (4)/arduino_robot-main/report/report.tex
LaTeX2e <2023-11-01> patch level 1
L3 programming layer <2024-01-04>
(D:\Users\Legdi\AppData\Local\Programs\MiKTeX\tex/latex/base\report.cls
Document Class: report 2023/05/17 v1.4n Standard LaTeX document class
(D:\Users\Legdi\AppData\Local\Programs\MiKTeX\tex/latex/base\size10.clo
File: size10.clo 2023/05/17 v1.4n Standard LaTeX file (size option)
)
\c@part=\count187
\c@chapter=\count188
\c@section=\count189
\c@subsection=\count190
\c@subsubsection=\count191
\c@paragraph=\count192
\c@subparagraph=\count193
\c@figure=\count194
\c@table=\count195
\abovecaptionskip=\skip48
\belowcaptionskip=\skip49
\bibindent=\dimen140
) (D:\Users\Legdi\AppData\Local\Programs\MiKTeX\tex/latex/tocloft\tocloft.sty
Package: tocloft 2017/08/31 v2.3i parameterised ToC, etc., typesetting
Package tocloft Info: The document has chapter divisions on input line 51.
\cftparskip=\skip50
\cftbeforetoctitleskip=\skip51
\cftaftertoctitleskip=\skip52
\cftbeforepartskip=\skip53
\cftpartnumwidth=\skip54
\cftpartindent=\skip55
\cftbeforechapskip=\skip56
\cftchapindent=\skip57
\cftchapnumwidth=\skip58
\cftbeforesecskip=\skip59
\cftsecindent=\skip60
\cftsecnumwidth=\skip61
\cftbeforesubsecskip=\skip62
\cftsubsecindent=\skip63
\cftsubsecnumwidth=\skip64
\cftbeforesubsubsecskip=\skip65
\cftsubsubsecindent=\skip66
\cftsubsubsecnumwidth=\skip67
\cftbeforeparaskip=\skip68
\cftparaindent=\skip69
\cftparanumwidth=\skip70
\cftbeforesubparaskip=\skip71
\cftsubparaindent=\skip72
\cftsubparanumwidth=\skip73
\cftbeforeloftitleskip=\skip74
\cftafterloftitleskip=\skip75
\cftbeforefigskip=\skip76
\cftfigindent=\skip77
\cftfignumwidth=\skip78
\c@lofdepth=\count196
\c@lotdepth=\count197
\cftbeforelottitleskip=\skip79
\cftafterlottitleskip=\skip80
\cftbeforetabskip=\skip81
\cfttabindent=\skip82
\cfttabnumwidth=\skip83
) (D:\Users\Legdi\AppData\Local\Programs\MiKTeX\tex/latex/geometry\geometry.sty
Package: geometry 2020/01/02 v5.9 Page Geometry
 (D:\Users\Legdi\AppData\Local\Programs\MiKTeX\tex/latex/graphics\keyval.sty
Package: keyval 2022/05/29 v1.15 key=value parser (DPC)
\KV@toks@=\toks17
) (D:\Users\Legdi\AppData\Local\Programs\MiKTeX\tex/generic/iftex\ifvtex.sty
Package: ifvtex 2019/10/25 v1.7 ifvtex legacy package. Use iftex instead.
 (D:\Users\Legdi\AppData\Local\Programs\MiKTeX\tex/generic/iftex\iftex.sty
Package: iftex 2022/02/03 v1.0f TeX engine tests
))
\Gm@cnth=\count198
\Gm@cntv=\count199
\c@Gm@tempcnt=\count266
\Gm@bindingoffset=\dimen141
\Gm@wd@mp=\dimen142
\Gm@odd@mp=\dimen143
\Gm@even@mp=\dimen144
\Gm@layoutwidth=\dimen145
\Gm@layoutheight=\dimen146
\Gm@layouthoffset=\dimen147
\Gm@layoutvoffset=\dimen148
\Gm@dimlist=\toks18
 (D:\Users\Legdi\AppData\Local\Programs\MiKTeX\tex/latex/geometry\geometry.cfg)) (D:\Users\Legdi\AppData\Local\Programs\MiKTeX\tex/latex/graphics\graphicx.sty
Package: graphicx 2021/09/16 v1.2d Enhanced LaTeX Graphics (DPC,SPQR)
 (D:\Users\Legdi\AppData\Local\Programs\MiKTeX\tex/latex/graphics\graphics.sty
Package: graphics 2022/03/10 v1.4e Standard LaTeX Graphics (DPC,SPQR)
 (D:\Users\Legdi\AppData\Local\Programs\MiKTeX\tex/latex/graphics\trig.sty
Package: trig 2021/08/11 v1.11 sin cos tan (DPC)
) (D:\Users\Legdi\AppData\Local\Programs\MiKTeX\tex/latex/graphics-cfg\graphics.cfg
File: graphics.cfg 2016/06/04 v1.11 sample graphics configuration
)
Package graphics Info: Driver file: pdftex.def on input line 107.
 (D:\Users\Legdi\AppData\Local\Programs\MiKTeX\tex/latex/graphics-def\pdftex.def
File: pdftex.def 2022/09/22 v1.2b Graphics/color driver for pdftex
))
\Gin@req@height=\dimen149
\Gin@req@width=\dimen150
) (D:\Users\Legdi\AppData\Local\Programs\MiKTeX\tex/latex/caption\caption.sty
Package: caption 2023/08/05 v3.6o Customizing captions (AR)
 (D:\Users\Legdi\AppData\Local\Programs\MiKTeX\tex/latex/caption\caption3.sty
Package: caption3 2023/07/31 v2.4d caption3 kernel (AR)
\caption@tempdima=\dimen151
\captionmargin=\dimen152
\caption@leftmargin=\dimen153
\caption@rightmargin=\dimen154
\caption@width=\dimen155
\caption@indent=\dimen156
\caption@parindent=\dimen157
\caption@hangindent=\dimen158
Package caption Info: Standard document class detected.
)
\c@caption@flags=\count267
\c@continuedfloat=\count268
) (D:\Users\Legdi\AppData\Local\Programs\MiKTeX\tex/latex/base\fontenc.sty
Package: fontenc 2021/04/29 v2.0v Standard LaTeX package
) (D:\Users\Legdi\AppData\Local\Programs\MiKTeX\tex/latex/base\inputenc.sty
Package: inputenc 2021/02/14 v1.3d Input encoding file
\inpenc@prehook=\toks19
\inpenc@posthook=\toks20
) (D:\Users\Legdi\AppData\Local\Programs\MiKTeX\tex/generic/babel\babel.sty
Package: babel 2024/01/07 v24.1 The Babel package
\babel@savecnt=\count269
\U@D=\dimen159
\l@unhyphenated=\language79
 (D:\Users\Legdi\AppData\Local\Programs\MiKTeX\tex/generic/babel\txtbabel.def)
\bbl@readstream=\read2
\bbl@dirlevel=\count270

*************************************
* Local config file bblopts.cfg used
*
(D:\Users\Legdi\AppData\Local\Programs\MiKTeX\tex/latex/arabi\bblopts.cfg
File: bblopts.cfg 2005/09/08 v0.1 add Arabic and Farsi to "declared" options of babel
) (D:\Users\Legdi\AppData\Local\Programs\MiKTeX\tex/latex/babel-polish\polish.ldf
Language: polish 2022/03/12 1.3 Babel support for Polish
Package babel Info: Making " an active character on input line 101.
)) (D:\Users\Legdi\AppData\Local\Programs\MiKTeX\tex/generic/babel/locale/pl\babel-polish.tex
Package babel Info: Importing font and identification data for polish
(babel)             from babel-pl.ini. Reported on input line 11.
) (D:\Users\Legdi\AppData\Local\Programs\MiKTeX\tex/latex/float\float.sty
Package: float 2001/11/08 v1.3d Float enhancements (AL)
\c@float@type=\count271
\float@exts=\toks21
\float@box=\box51
\@float@everytoks=\toks22
\@floatcapt=\box52
) (D:\Users\Legdi\AppData\Local\Programs\MiKTeX\tex/latex/listings\listings.sty
\lst@mode=\count272
\lst@gtempboxa=\box53
\lst@token=\toks23
\lst@length=\count273
\lst@currlwidth=\dimen160
\lst@column=\count274
\lst@pos=\count275
\lst@lostspace=\dimen161
\lst@width=\dimen162
\lst@newlines=\count276
\lst@lineno=\count277
\lst@maxwidth=\dimen163
 (D:\Users\Legdi\AppData\Local\Programs\MiKTeX\tex/latex/listings\lstmisc.sty
File: lstmisc.sty 2023/02/27 1.9 (Carsten Heinz)
\c@lstnumber=\count278
\lst@skipnumbers=\count279
\lst@framebox=\box54
) (D:\Users\Legdi\AppData\Local\Programs\MiKTeX\tex/latex/listings\listings.cfg
File: listings.cfg 2023/02/27 1.9 listings configuration
))
Package: listings 2023/02/27 1.9 (Carsten Heinz)
 (D:\Users\Legdi\AppData\Local\Programs\MiKTeX\tex/latex/xcolor\xcolor.sty
Package: xcolor 2023/11/15 v3.01 LaTeX color extensions (UK)
 (D:\Users\Legdi\AppData\Local\Programs\MiKTeX\tex/latex/graphics-cfg\color.cfg
File: color.cfg 2016/01/02 v1.6 sample color configuration
)
Package xcolor Info: Driver file: pdftex.def on input line 274.
 (D:\Users\Legdi\AppData\Local\Programs\MiKTeX\tex/latex/graphics\mathcolor.ltx)
Package xcolor Info: Model `cmy' substituted by `cmy0' on input line 1350.
Package xcolor Info: Model `hsb' substituted by `rgb' on input line 1354.
Package xcolor Info: Model `RGB' extended on input line 1366.
Package xcolor Info: Model `HTML' substituted by `rgb' on input line 1368.
Package xcolor Info: Model `Hsb' substituted by `hsb' on input line 1369.
Package xcolor Info: Model `tHsb' substituted by `hsb' on input line 1370.
Package xcolor Info: Model `HSB' substituted by `hsb' on input line 1371.
Package xcolor Info: Model `Gray' substituted by `gray' on input line 1372.
Package xcolor Info: Model `wave' substituted by `hsb' on input line 1373.
) (D:\Users\Legdi\AppData\Local\Programs\MiKTeX\tex/latex/tools\array.sty
Package: array 2023/10/16 v2.5g Tabular extension package (FMi)
\col@sep=\dimen164
\ar@mcellbox=\box55
\extrarowheight=\dimen165
\NC@list=\toks24
\extratabsurround=\skip84
\backup@length=\skip85
\ar@cellbox=\box56
) (D:\Users\Legdi\AppData\Local\Programs\MiKTeX\tex/latex/enumitem\enumitem.sty
Package: enumitem 2019/06/20 v3.9 Customized lists
\labelindent=\skip86
\enit@outerparindent=\dimen166
\enit@toks=\toks25
\enit@inbox=\box57
\enit@count@id=\count280
\enitdp@description=\count281
) (D:\Users\Legdi\AppData\Local\Programs\MiKTeX\tex/latex/biblatex\biblatex.sty
Package: biblatex 2023/03/05 v3.19 programmable bibliographies (PK/MW)
 (D:\Users\Legdi\AppData\Local\Programs\MiKTeX\tex/generic/pdftexcmds\pdftexcmds.sty
Package: pdftexcmds 2020-06-27 v0.33 Utility functions of pdfTeX for LuaTeX (HO)
 (D:\Users\Legdi\AppData\Local\Programs\MiKTeX\tex/generic/infwarerr\infwarerr.sty
Package: infwarerr 2019/12/03 v1.5 Providing info/warning/error messages (HO)
) (D:\Users\Legdi\AppData\Local\Programs\MiKTeX\tex/generic/ltxcmds\ltxcmds.sty
Package: ltxcmds 2023-12-04 v1.26 LaTeX kernel commands for general use (HO)
)
Package pdftexcmds Info: \pdf@primitive is available.
Package pdftexcmds Info: \pdf@ifprimitive is available.
Package pdftexcmds Info: \pdfdraftmode found.
) (D:\Users\Legdi\AppData\Local\Programs\MiKTeX\tex/latex/etoolbox\etoolbox.sty
Package: etoolbox 2020/10/05 v2.5k e-TeX tools for LaTeX (JAW)
\etb@tempcnta=\count282
) (D:\Users\Legdi\AppData\Local\Programs\MiKTeX\tex/latex/kvoptions\kvoptions.sty
Package: kvoptions 2022-06-15 v3.15 Key value format for package options (HO)
 (D:\Users\Legdi\AppData\Local\Programs\MiKTeX\tex/latex/kvsetkeys\kvsetkeys.sty
Package: kvsetkeys 2022-10-05 v1.19 Key value parser (HO)
)) (D:\Users\Legdi\AppData\Local\Programs\MiKTeX\tex/latex/logreq\logreq.sty
Package: logreq 2010/08/04 v1.0 xml request logger
\lrq@indent=\count283
 (D:\Users\Legdi\AppData\Local\Programs\MiKTeX\tex/latex/logreq\logreq.def
File: logreq.def 2010/08/04 v1.0 logreq spec v1.0
)) (D:\Users\Legdi\AppData\Local\Programs\MiKTeX\tex/latex/base\ifthen.sty
Package: ifthen 2022/04/13 v1.1d Standard LaTeX ifthen package (DPC)
) (D:\Users\Legdi\AppData\Local\Programs\MiKTeX\tex/latex/url\url.sty
\Urlmuskip=\muskip16
Package: url 2013/09/16  ver 3.4  Verb mode for urls, etc.
)
\c@tabx@nest=\count284
\c@listtotal=\count285
\c@listcount=\count286
\c@liststart=\count287
\c@liststop=\count288
\c@citecount=\count289
\c@citetotal=\count290
\c@multicitecount=\count291
\c@multicitetotal=\count292
\c@instcount=\count293
\c@maxnames=\count294
\c@minnames=\count295
\c@maxitems=\count296
\c@minitems=\count297
\c@citecounter=\count298
\c@maxcitecounter=\count299
\c@savedcitecounter=\count300
\c@uniquelist=\count301
\c@uniquename=\count302
\c@refsection=\count303
\c@refsegment=\count304
\c@maxextratitle=\count305
\c@maxextratitleyear=\count306
\c@maxextraname=\count307
\c@maxextradate=\count308
\c@maxextraalpha=\count309
\c@abbrvpenalty=\count310
\c@highnamepenalty=\count311
\c@lownamepenalty=\count312
\c@maxparens=\count313
\c@parenlevel=\count314
\blx@tempcnta=\count315
\blx@tempcntb=\count316
\blx@tempcntc=\count317
\c@blx@maxsection=\count318
\blx@maxsegment@0=\count319
\blx@notetype=\count320
\blx@parenlevel@text=\count321
\blx@parenlevel@foot=\count322
\blx@sectionciteorder@0=\count323
\blx@sectionciteorderinternal@0=\count324
\blx@entrysetcounter=\count325
\blx@biblioinstance=\count326
\labelnumberwidth=\skip87
\labelalphawidth=\skip88
\biblabelsep=\skip89
\bibitemsep=\skip90
\bibnamesep=\skip91
\bibinitsep=\skip92
\bibparsep=\skip93
\bibhang=\skip94
\blx@bcfin=\read3
\blx@bcfout=\write3
\blx@langwohyphens=\language80
\c@mincomprange=\count327
\c@maxcomprange=\count328
\c@mincompwidth=\count329
Package biblatex Info: Trying to load biblatex default data model...
Package biblatex Info: ... file 'blx-dm.def' found.
 (D:\Users\Legdi\AppData\Local\Programs\MiKTeX\tex/latex/biblatex\blx-dm.def
File: blx-dm.def 2023/03/05 v3.19 biblatex localization (PK/MW)
)
Package biblatex Info: Trying to load biblatex style data model...
Package biblatex Info: ... file 'alphabetic.dbx' not found.
Package biblatex Info: Trying to load biblatex custom data model...
Package biblatex Info: ... file 'biblatex-dm.cfg' not found.
\c@afterword=\count330
\c@savedafterword=\count331
\c@annotator=\count332
\c@savedannotator=\count333
\c@author=\count334
\c@savedauthor=\count335
\c@bookauthor=\count336
\c@savedbookauthor=\count337
\c@commentator=\count338
\c@savedcommentator=\count339
\c@editor=\count340
\c@savededitor=\count341
\c@editora=\count342
\c@savededitora=\count343
\c@editorb=\count344
\c@savededitorb=\count345
\c@editorc=\count346
\c@savededitorc=\count347
\c@foreword=\count348
\c@savedforeword=\count349
\c@holder=\count350
\c@savedholder=\count351
\c@introduction=\count352
\c@savedintroduction=\count353
\c@namea=\count354
\c@savednamea=\count355
\c@nameb=\count356
\c@savednameb=\count357
\c@namec=\count358
\c@savednamec=\count359
\c@translator=\count360
\c@savedtranslator=\count361
\c@shortauthor=\count362
\c@savedshortauthor=\count363
\c@shorteditor=\count364
\c@savedshorteditor=\count365
\c@labelname=\count366
\c@savedlabelname=\count367
\c@institution=\count368
\c@savedinstitution=\count369
\c@lista=\count370
\c@savedlista=\count371
\c@listb=\count372
\c@savedlistb=\count373
\c@listc=\count374
\c@savedlistc=\count375
\c@listd=\count376
\c@savedlistd=\count377
\c@liste=\count378
\c@savedliste=\count379
\c@listf=\count380
\c@savedlistf=\count381
\c@location=\count382
\c@savedlocation=\count383
\c@organization=\count384
\c@savedorganization=\count385
\c@origlocation=\count386
\c@savedoriglocation=\count387
\c@origpublisher=\count388
\c@savedorigpublisher=\count389
\c@publisher=\count390
\c@savedpublisher=\count391
\c@language=\count392
\c@savedlanguage=\count393
\c@origlanguage=\count394
\c@savedoriglanguage=\count395
\c@pageref=\count396
\c@savedpageref=\count397
\shorthandwidth=\skip95
\shortjournalwidth=\skip96
\shortserieswidth=\skip97
\shorttitlewidth=\skip98
\shortauthorwidth=\skip99
\shorteditorwidth=\skip100
\locallabelnumberwidth=\skip101
\locallabelalphawidth=\skip102
\localshorthandwidth=\skip103
\localshortjournalwidth=\skip104
\localshortserieswidth=\skip105
\localshorttitlewidth=\skip106
\localshortauthorwidth=\skip107
\localshorteditorwidth=\skip108
Package biblatex Info: Trying to load compatibility code...
Package biblatex Info: ... file 'blx-compat.def' found.
 (D:\Users\Legdi\AppData\Local\Programs\MiKTeX\tex/latex/biblatex\blx-compat.def
File: blx-compat.def 2023/03/05 v3.19 biblatex compatibility (PK/MW)
)
Package biblatex Info: Trying to load generic definitions...
Package biblatex Info: ... file 'biblatex.def' found.
 (D:\Users\Legdi\AppData\Local\Programs\MiKTeX\tex/latex/biblatex\biblatex.def
File: biblatex.def 2023/03/05 v3.19 biblatex compatibility (PK/MW)
\c@textcitecount=\count398
\c@textcitetotal=\count399
\c@textcitemaxnames=\count400
\c@biburlbigbreakpenalty=\count401
\c@biburlbreakpenalty=\count402
\c@biburlnumpenalty=\count403
\c@biburlucpenalty=\count404
\c@biburllcpenalty=\count405
\biburlbigskip=\muskip17
\biburlnumskip=\muskip18
\biburlucskip=\muskip19
\biburllcskip=\muskip20
\c@smartand=\count406
)
Package biblatex Info: Trying to load bibliography style 'alphabetic'...
Package biblatex Info: ... file 'alphabetic.bbx' found.
 (D:\Users\Legdi\AppData\Local\Programs\MiKTeX\tex/latex/biblatex/bbx\alphabetic.bbx
File: alphabetic.bbx 2023/03/05 v3.19 biblatex bibliography style (PK/MW)
Package biblatex Info: Trying to load bibliography style 'standard'...
Package biblatex Info: ... file 'standard.bbx' found.
 (D:\Users\Legdi\AppData\Local\Programs\MiKTeX\tex/latex/biblatex/bbx\standard.bbx
File: standard.bbx 2023/03/05 v3.19 biblatex bibliography style (PK/MW)
\c@bbx:relatedcount=\count407
\c@bbx:relatedtotal=\count408
))
Package biblatex Info: Trying to load citation style 'alphabetic'...
Package biblatex Info: ... file 'alphabetic.cbx' found.
 (D:\Users\Legdi\AppData\Local\Programs\MiKTeX\tex/latex/biblatex/cbx\alphabetic.cbx
File: alphabetic.cbx 2023/03/05 v3.19 biblatex citation style (PK/MW)
Package biblatex Info: Redefining '\cite'.
Package biblatex Info: Redefining '\parencite'.
Package biblatex Info: Redefining '\footcite'.
Package biblatex Info: Redefining '\footcitetext'.
Package biblatex Info: Redefining '\smartcite'.
Package biblatex Info: Redefining '\textcite'.
Package biblatex Info: Redefining '\textcites'.
Package biblatex Info: Redefining '\cites'.
Package biblatex Info: Redefining '\parencites'.
Package biblatex Info: Redefining '\smartcites'.
)
Package biblatex Info: Trying to load configuration file...
Package biblatex Info: ... file 'biblatex.cfg' found.
 (D:\Users\Legdi\AppData\Local\Programs\MiKTeX\tex/latex/biblatex\biblatex.cfg
File: biblatex.cfg 
)
Package biblatex Info: Input encoding 'utf8' detected.
Package biblatex Info: Document encoding is UTF8 ....
 (D:\Users\Legdi\AppData\Local\Programs\MiKTeX\tex/latex/l3kernel\expl3.sty
Package: expl3 2024-01-04 L3 programming layer (loader) 
 (D:\Users\Legdi\AppData\Local\Programs\MiKTeX\tex/latex/l3backend\l3backend-pdftex.def
File: l3backend-pdftex.def 2024-01-04 L3 backend support: PDF output (pdfTeX)
\l__color_backend_stack_int=\count409
\l__pdf_internal_box=\box58
))
Package biblatex Info: ... and expl3
(biblatex)             2024-01-04 L3 programming layer (loader) 
(biblatex)             is new enough (at least 2020/04/06),
(biblatex)             setting 'casechanger=expl3'.
 (D:\Users\Legdi\AppData\Local\Programs\MiKTeX\tex/latex/biblatex\blx-case-expl3.sty (D:\Users\Legdi\AppData\Local\Programs\MiKTeX\tex/latex/l3packages/xparse\xparse.sty
Package: xparse 2023-10-10 L3 Experimental document command parser
)
Package: blx-case-expl3 2023/03/05 v3.19 expl3 case changing code for biblatex
)) (D:\Users\Legdi\AppData\Local\Programs\MiKTeX\tex/latex/multirow\multirow.sty
Package: multirow 2021/03/15 v2.8 Span multiple rows of a table
\multirow@colwidth=\skip109
\multirow@cntb=\count410
\multirow@dima=\skip110
\bigstrutjot=\dimen167
) (D:\Users\Legdi\AppData\Local\Programs\MiKTeX\tex/latex/hyperref\hyperref.sty
Package: hyperref 2023-11-26 v7.01g Hypertext links for LaTeX
 (D:\Users\Legdi\AppData\Local\Programs\MiKTeX\tex/generic/kvdefinekeys\kvdefinekeys.sty
Package: kvdefinekeys 2019-12-19 v1.6 Define keys (HO)
) (D:\Users\Legdi\AppData\Local\Programs\MiKTeX\tex/generic/pdfescape\pdfescape.sty
Package: pdfescape 2019/12/09 v1.15 Implements pdfTeX's escape features (HO)
) (D:\Users\Legdi\AppData\Local\Programs\MiKTeX\tex/latex/hycolor\hycolor.sty
Package: hycolor 2020-01-27 v1.10 Color options for hyperref/bookmark (HO)
) (D:\Users\Legdi\AppData\Local\Programs\MiKTeX\tex/latex/letltxmacro\letltxmacro.sty
Package: letltxmacro 2019/12/03 v1.6 Let assignment for LaTeX macros (HO)
) (D:\Users\Legdi\AppData\Local\Programs\MiKTeX\tex/latex/auxhook\auxhook.sty
Package: auxhook 2019-12-17 v1.6 Hooks for auxiliary files (HO)
) (D:\Users\Legdi\AppData\Local\Programs\MiKTeX\tex/latex/hyperref\nameref.sty
Package: nameref 2023-11-26 v2.56 Cross-referencing by name of section
 (D:\Users\Legdi\AppData\Local\Programs\MiKTeX\tex/latex/refcount\refcount.sty
Package: refcount 2019/12/15 v3.6 Data extraction from label references (HO)
) (D:\Users\Legdi\AppData\Local\Programs\MiKTeX\tex/generic/gettitlestring\gettitlestring.sty
Package: gettitlestring 2019/12/15 v1.6 Cleanup title references (HO)
)
\c@section@level=\count411
)
\@linkdim=\dimen168
\Hy@linkcounter=\count412
\Hy@pagecounter=\count413
 (D:\Users\Legdi\AppData\Local\Programs\MiKTeX\tex/latex/hyperref\pd1enc.def
File: pd1enc.def 2023-11-26 v7.01g Hyperref: PDFDocEncoding definition (HO)
Now handling font encoding PD1 ...
... no UTF-8 mapping file for font encoding PD1
) (D:\Users\Legdi\AppData\Local\Programs\MiKTeX\tex/generic/intcalc\intcalc.sty
Package: intcalc 2019/12/15 v1.3 Expandable calculations with integers (HO)
)
\Hy@SavedSpaceFactor=\count414
 (D:\Users\Legdi\AppData\Local\Programs\MiKTeX\tex/latex/hyperref\puenc.def
File: puenc.def 2023-11-26 v7.01g Hyperref: PDF Unicode definition (HO)
Now handling font encoding PU ...
... no UTF-8 mapping file for font encoding PU
)
Package hyperref Info: Hyper figures OFF on input line 4181.
Package hyperref Info: Link nesting OFF on input line 4186.
Package hyperref Info: Hyper index ON on input line 4189.
Package hyperref Info: Plain pages OFF on input line 4196.
Package hyperref Info: Backreferencing OFF on input line 4201.
Package hyperref Info: Implicit mode ON; LaTeX internals redefined.
Package hyperref Info: Bookmarks ON on input line 4448.
\c@Hy@tempcnt=\count415
LaTeX Info: Redefining \url on input line 4786.
\XeTeXLinkMargin=\dimen169
 (D:\Users\Legdi\AppData\Local\Programs\MiKTeX\tex/generic/bitset\bitset.sty
Package: bitset 2019/12/09 v1.3 Handle bit-vector datatype (HO)
 (D:\Users\Legdi\AppData\Local\Programs\MiKTeX\tex/generic/bigintcalc\bigintcalc.sty
Package: bigintcalc 2019/12/15 v1.5 Expandable calculations on big integers (HO)
))
\Fld@menulength=\count416
\Field@Width=\dimen170
\Fld@charsize=\dimen171
Package hyperref Info: Hyper figures OFF on input line 6065.
Package hyperref Info: Link nesting OFF on input line 6070.
Package hyperref Info: Hyper index ON on input line 6073.
Package hyperref Info: backreferencing OFF on input line 6080.
Package hyperref Info: Link coloring OFF on input line 6085.
Package hyperref Info: Link coloring with OCG OFF on input line 6090.
Package hyperref Info: PDF/A mode OFF on input line 6095.
 (D:\Users\Legdi\AppData\Local\Programs\MiKTeX\tex/latex/base\atbegshi-ltx.sty
Package: atbegshi-ltx 2021/01/10 v1.0c Emulation of the original atbegshi
package with kernel methods
)
\Hy@abspage=\count417
\c@Item=\count418
\c@Hfootnote=\count419
)
Package hyperref Info: Driver (autodetected): hpdftex.
 (D:\Users\Legdi\AppData\Local\Programs\MiKTeX\tex/latex/hyperref\hpdftex.def
File: hpdftex.def 2023-11-26 v7.01g Hyperref driver for pdfTeX
 (D:\Users\Legdi\AppData\Local\Programs\MiKTeX\tex/latex/base\atveryend-ltx.sty
Package: atveryend-ltx 2020/08/19 v1.0a Emulation of the original atveryend package
with kernel methods
)
\Fld@listcount=\count420
\c@bookmark@seq@number=\count421
 (D:\Users\Legdi\AppData\Local\Programs\MiKTeX\tex/latex/rerunfilecheck\rerunfilecheck.sty
Package: rerunfilecheck 2022-07-10 v1.10 Rerun checks for auxiliary files (HO)
 (D:\Users\Legdi\AppData\Local\Programs\MiKTeX\tex/generic/uniquecounter\uniquecounter.sty
Package: uniquecounter 2019/12/15 v1.4 Provide unlimited unique counter (HO)
)
Package uniquecounter Info: New unique counter `rerunfilecheck' on input line 285.
)
\Hy@SectionHShift=\skip111
) (D:\Users\Legdi\AppData\Local\Programs\MiKTeX\tex/latex/listings\lstlang1.sty
File: lstlang1.sty 2023/02/27 1.9 listings language file
)

Package biblatex Warning: 'babel/polyglossia' detected but 'csquotes' missing.
(biblatex)                Loading 'csquotes' recommended.

\@quotelevel=\count422
\@quotereset=\count423
(report.aux

LaTeX Warning: Label `fig:bt_con_arduino' multiply defined.


LaTeX Warning: Label `fig:bt_con_arduino' multiply defined.


LaTeX Warning: Label `fig:bt_con_arduino' multiply defined.


LaTeX Warning: Label `fig:bt_con_arduino' multiply defined.


LaTeX Warning: Label `fig:zdjecie2' multiply defined.


LaTeX Warning: Label `fig:bt_con_arduino' multiply defined.


LaTeX Warning: Label `fig:bt_con_arduino' multiply defined.


LaTeX Warning: Label `fig:bt_con_arduino' multiply defined.


LaTeX Warning: Label `fig:sensor_init' multiply defined.


LaTeX Warning: Label `fig:sensor_init' multiply defined.


LaTeX Warning: Label `fig:sensor_init' multiply defined.

)
\openout1 = `report.aux'.

LaTeX Font Info:    Checking defaults for OML/cmm/m/it on input line 57.
LaTeX Font Info:    ... okay on input line 57.
LaTeX Font Info:    Checking defaults for OMS/cmsy/m/n on input line 57.
LaTeX Font Info:    ... okay on input line 57.
LaTeX Font Info:    Checking defaults for OT1/cmr/m/n on input line 57.
LaTeX Font Info:    ... okay on input line 57.
LaTeX Font Info:    Checking defaults for T1/cmr/m/n on input line 57.
LaTeX Font Info:    ... okay on input line 57.
LaTeX Font Info:    Checking defaults for TS1/cmr/m/n on input line 57.
LaTeX Font Info:    ... okay on input line 57.
LaTeX Font Info:    Checking defaults for OMX/cmex/m/n on input line 57.
LaTeX Font Info:    ... okay on input line 57.
LaTeX Font Info:    Checking defaults for U/cmr/m/n on input line 57.
LaTeX Font Info:    ... okay on input line 57.
LaTeX Font Info:    Checking defaults for PD1/pdf/m/n on input line 57.
LaTeX Font Info:    ... okay on input line 57.
LaTeX Font Info:    Checking defaults for PU/pdf/m/n on input line 57.
LaTeX Font Info:    ... okay on input line 57.

*geometry* driver: auto-detecting
*geometry* detected driver: pdftex
*geometry* verbose mode - [ preamble ] result:
* driver: pdftex
* paper: a4paper
* layout: <same size as paper>
* layoutoffset:(h,v)=(0.0pt,0.0pt)
* modes: 
* h-part:(L,W,R)=(71.13188pt, 455.24411pt, 71.13188pt)
* v-part:(T,H,B)=(71.13188pt, 702.78308pt, 71.13188pt)
* \paperwidth=597.50787pt
* \paperheight=845.04684pt
* \textwidth=455.24411pt
* \textheight=702.78308pt
* \oddsidemargin=-1.1381pt
* \evensidemargin=-1.1381pt
* \topmargin=-38.1381pt
* \headheight=12.0pt
* \headsep=25.0pt
* \topskip=10.0pt
* \footskip=30.0pt
* \marginparwidth=65.0pt
* \marginparsep=11.0pt
* \columnsep=10.0pt
* \skip\footins=9.0pt plus 4.0pt minus 2.0pt
* \hoffset=0.0pt
* \voffset=0.0pt
* \mag=1000
* \@twocolumnfalse
* \@twosidefalse
* \@mparswitchfalse
* \@reversemarginfalse
* (1in=72.27pt=25.4mm, 1cm=28.453pt)

(D:\Users\Legdi\AppData\Local\Programs\MiKTeX\tex/context/base/mkii\supp-pdf.mkii
[Loading MPS to PDF converter (version 2006.09.02).]
\scratchcounter=\count424
\scratchdimen=\dimen172
\scratchbox=\box59
\nofMPsegments=\count425
\nofMParguments=\count426
\everyMPshowfont=\toks26
\MPscratchCnt=\count427
\MPscratchDim=\dimen173
\MPnumerator=\count428
\makeMPintoPDFobject=\count429
\everyMPtoPDFconversion=\toks27
) (D:\Users\Legdi\AppData\Local\Programs\MiKTeX\tex/latex/epstopdf-pkg\epstopdf-base.sty
Package: epstopdf-base 2020-01-24 v2.11 Base part for package epstopdf
Package epstopdf-base Info: Redefining graphics rule for `.eps' on input line 485.
 (D:\Users\Legdi\AppData\Local\Programs\MiKTeX\tex/latex/00miktex\epstopdf-sys.cfg
File: epstopdf-sys.cfg 2021/03/18 v2.0 Configuration of epstopdf for MiKTeX
))
Package caption Info: Begin \AtBeginDocument code.
Package caption Info: float package is loaded.
Package caption Info: hyperref package is loaded.
Package caption Info: listings package is loaded.
Package caption Info: End \AtBeginDocument code.
\c@lstlisting=\count430
Package biblatex Info: Trying to load language 'polish'...
Package biblatex Info: ... file 'polish.lbx' found.
 (D:\Users\Legdi\AppData\Local\Programs\MiKTeX\tex/latex/biblatex/lbx\polish.lbx
File: polish.lbx 2023/03/05 v3.19 biblatex localization (PK/MW)
)
Package biblatex Info: Input encoding 'utf8' detected.
Package biblatex Info: Automatic encoding selection.
(biblatex)             Assuming data encoding 'utf8'.
\openout3 = `report.bcf'.

Package biblatex Info: Trying to load bibliographic data...
Package biblatex Info: ... file 'report.bbl' found.
 (report.bbl

Package biblatex Warning: Biber reported the following issues
(biblatex)                with 'MotorDriver':
(biblatex)                - online entry 'MotorDriver' (bibliography.bib): Invalid format '28.04.2024' of date field 'urldate' - ignoring.


Package biblatex Warning: Biber reported the following issues
(biblatex)                with '18650Spec':
(biblatex)                - online entry '18650Spec' (bibliography.bib): Invalid format '28.04.2024' of date field 'urldate' - ignoring.


Package biblatex Warning: Biber reported the following issues
(biblatex)                with 'DuracellChart':
(biblatex)                - online entry 'DuracellChart' (bibliography.bib): Invalid format '28.04.2024' of date field 'urldate' - ignoring.


Package biblatex Warning: Biber reported the following issues
(biblatex)                with 'MotorEngine':
(biblatex)                - online entry 'MotorEngine' (bibliography.bib): Invalid format '28.04.2024' of date field 'urldate' - ignoring.


Package biblatex Warning: Biber reported the following issues
(biblatex)                with 'BMSSpec':
(biblatex)                - online entry 'BMSSpec' (bibliography.bib): Invalid format '28.04.2024' of date field 'urldate' - ignoring.


Package biblatex Warning: Biber reported the following issues
(biblatex)                with '18650Charts':
(biblatex)                - online entry '18650Charts' (bibliography.bib): Invalid format '28.04.2024' of date field 'urldate' - ignoring.


Package biblatex Warning: Biber reported the following issues
(biblatex)                with 'BMSSchematic':
(biblatex)                - online entry 'BMSSchematic' (bibliography.bib): Invalid format '28.04.2024' of date field 'urldate' - ignoring.

)
Package biblatex Info: Reference section=0 on input line 57.
Package biblatex Info: Reference segment=0 on input line 57.
Package hyperref Info: Link coloring OFF on input line 57.
 (report.out) (report.out)
\@outlinefile=\write4
\openout4 = `report.out'.

<src/logo.png, id=107, 730.73pt x 317.185pt>
File: src/logo.png Graphic file (type png)
<use src/logo.png>
Package pdftex.def Info: src/logo.png  used on input line 65.
(pdftex.def)             Requested size: 227.62206pt x 98.80063pt.
 [1

{C:/Users/Legdi/AppData/Local/MiKTeX/fonts/map/pdftex/pdftex.map} <./src/logo.png>] (report.toc
LaTeX Font Info:    External font `cmex10' loaded for size
(Font)              <7> on input line 2.
LaTeX Font Info:    External font `cmex10' loaded for size
(Font)              <5> on input line 2.

Overfull \hbox (5.46864pt too wide) in paragraph at lines 12--12
 [][] [][]\T1/cmr/m/n/14.4 Implementacja pro-stego kodu we-ry-fi-ku-j¡-cego pra-wi-dªowe pod- 
 []

)
\tf@toc=\write5
\openout5 = `report.toc'.


pdfTeX warning (ext4): destination with the same identifier (name{page.1}) has been already used, duplicate ignored
<to be read again> 
                   \relax 
l.104 \newpage
               [1] [2]
<src/app/home.jpg, id=174, 2055.68pt x 1284.8pt>
File: src/app/home.jpg Graphic file (type jpg)
<use src/app/home.jpg>
Package pdftex.def Info: src/app/home.jpg  used on input line 160.
(pdftex.def)             Requested size: 455.24411pt x 284.5193pt.
<src/app/home-2.jpg, id=175, 2055.68pt x 1284.8pt>
File: src/app/home-2.jpg Graphic file (type jpg)
<use src/app/home-2.jpg>
Package pdftex.def Info: src/app/home-2.jpg  used on input line 169.
(pdftex.def)             Requested size: 455.24411pt x 284.5193pt.
 [3 <./src/app/home.jpg>]
<src/app/tab-control.jpg, id=181, 2055.68pt x 1284.8pt>
File: src/app/tab-control.jpg Graphic file (type jpg)
<use src/app/tab-control.jpg>
Package pdftex.def Info: src/app/tab-control.jpg  used on input line 184.
(pdftex.def)             Requested size: 455.24411pt x 284.5193pt.
 [4 <./src/app/home-2.jpg>]
<src/app/control.jpg, id=189, 2055.68pt x 1284.8pt>
File: src/app/control.jpg Graphic file (type jpg)
<use src/app/control.jpg>
Package pdftex.def Info: src/app/control.jpg  used on input line 193.
(pdftex.def)             Requested size: 455.24411pt x 284.5193pt.
 [5 <./src/app/tab-control.jpg> <./src/app/control.jpg>]
<src/app/list-devices.jpg, id=196, 2055.68pt x 1284.8pt>
File: src/app/list-devices.jpg Graphic file (type jpg)
<use src/app/list-devices.jpg>
Package pdftex.def Info: src/app/list-devices.jpg  used on input line 202.
(pdftex.def)             Requested size: 455.24411pt x 284.5193pt.
LaTeX Font Info:    Trying to load font information for T1+cmtt on input line 219.
 (D:\Users\Legdi\AppData\Local\Programs\MiKTeX\tex/latex/base\t1cmtt.fd
File: t1cmtt.fd 2023/04/13 v2.5m Standard LaTeX font definitions
)
<src/app/_getPairedDeviced.png, id=197, 1343.0175pt x 1196.47pt>
File: src/app/_getPairedDeviced.png Graphic file (type png)
<use src/app/_getPairedDeviced.png>
Package pdftex.def Info: src/app/_getPairedDeviced.png  used on input line 233.
(pdftex.def)             Requested size: 318.66948pt x 283.89073pt.
 [6 <./src/app/list-devices.jpg>]
<src/app/connect.png, id=205, 1473.505pt x 762.85pt>
File: src/app/connect.png Graphic file (type png)
<use src/app/connect.png>
Package pdftex.def Info: src/app/connect.png  used on input line 242.
(pdftex.def)             Requested size: 318.66948pt x 164.97568pt.
 [7 <./src/app/_getPairedDeviced.png> <./src/app/connect.png>]
<src/app/send.png, id=214, 1459.4525pt x 1304.875pt>
File: src/app/send.png Graphic file (type png)
<use src/app/send.png>
Package pdftex.def Info: src/app/send.png  used on input line 269.
(pdftex.def)             Requested size: 318.66948pt x 284.9031pt.
<src/code_snaps/bt_con_arduino.png, id=215, 2551.5325pt x 2047.65pt>
File: src/code_snaps/bt_con_arduino.png Graphic file (type png)
<use src/code_snaps/bt_con_arduino.png>
Package pdftex.def Info: src/code_snaps/bt_con_arduino.png  used on input line 287.
(pdftex.def)             Requested size: 455.24411pt x 365.34291pt.
 [8 <./src/app/send.png>] [9 <./src/code_snaps/bt_con_arduino.png>]
<src/Robot_pics/Build_1.jpg, id=230, 1517.67pt x 2023.56pt>
File: src/Robot_pics/Build_1.jpg Graphic file (type jpg)
<use src/Robot_pics/Build_1.jpg>
Package pdftex.def Info: src/Robot_pics/Build_1.jpg  used on input line 308.
(pdftex.def)             Requested size: 182.09486pt x 242.78584pt.
<src/Robot_pics/Mecanum_lines.png, id=232, 640.64343pt x 508.14844pt>
File: src/Robot_pics/Mecanum_lines.png Graphic file (type png)
<use src/Robot_pics/Mecanum_lines.png>
Package pdftex.def Info: src/Robot_pics/Mecanum_lines.png  used on input line 319.
(pdftex.def)             Requested size: 227.62206pt x 180.54515pt.
<src/Robot_pics/blender.png, id=234, 1445.4pt x 782.925pt>
File: src/Robot_pics/blender.png Graphic file (type png)
<use src/Robot_pics/blender.png>
Package pdftex.def Info: src/Robot_pics/blender.png  used on input line 327.
(pdftex.def)             Requested size: 455.24411pt x 246.58684pt.
 [10 <./src/Robot_pics/Build_1.jpg> <./src/Robot_pics/Mecanum_lines.png>]
<src/Robot_pics/Fusion 1.png, id=245, 1445.4pt x 783.67781pt>
File: src/Robot_pics/Fusion 1.png Graphic file (type png)
<use src/Robot_pics/Fusion 1.png>
Package pdftex.def Info: src/Robot_pics/Fusion 1.png  used on input line 338.
(pdftex.def)             Requested size: 455.24411pt x 246.82394pt.
 [11 <./src/Robot_pics/blender.png> <./src/Robot_pics/Fusion 1.png>]
<src/Robot_pics/Dol.png, id=255, 632.3625pt x 590.95781pt>
File: src/Robot_pics/Dol.png Graphic file (type png)
<use src/Robot_pics/Dol.png>
Package pdftex.def Info: src/Robot_pics/Dol.png  used on input line 353.
(pdftex.def)             Requested size: 204.85846pt x 191.43681pt.
<src/Robot_pics/Dol 1.png, id=256, 656.4525pt x 560.0925pt>
File: src/Robot_pics/Dol 1.png Graphic file (type png)
<use src/Robot_pics/Dol 1.png>
Package pdftex.def Info: src/Robot_pics/Dol 1.png  used on input line 360.
(pdftex.def)             Requested size: 204.85846pt x 174.78917pt.
<src/Robot_pics/Gora.png, id=257, 478.78876pt x 442.65375pt>
File: src/Robot_pics/Gora.png Graphic file (type png)
<use src/Robot_pics/Gora.png>
Package pdftex.def Info: src/Robot_pics/Gora.png  used on input line 373.
(pdftex.def)             Requested size: 204.85846pt x 189.39853pt.
<src/Robot_pics/Gora 1.png, id=258, 581.92406pt x 469.00218pt>
File: src/Robot_pics/Gora 1.png Graphic file (type png)
<use src/Robot_pics/Gora 1.png>
Package pdftex.def Info: src/Robot_pics/Gora 1.png  used on input line 380.
(pdftex.def)             Requested size: 204.85846pt x 165.10501pt.
<src/Robot_pics/Fusion 3.png, id=259, 908.64468pt x 309.40594pt>
File: src/Robot_pics/Fusion 3.png Graphic file (type png)
<use src/Robot_pics/Fusion 3.png>
Package pdftex.def Info: src/Robot_pics/Fusion 3.png  used on input line 388.
(pdftex.def)             Requested size: 455.24411pt x 155.0189pt.
 [12 <./src/Robot_pics/Dol.png> <./src/Robot_pics/Dol 1.png> <./src/Robot_pics/Gora.png> <./src/Robot_pics/Gora 1.png>]
<src/Robot_pics/Fusion 2.png, id=268, 1445.4pt x 783.67781pt>
File: src/Robot_pics/Fusion 2.png Graphic file (type png)
<use src/Robot_pics/Fusion 2.png>
Package pdftex.def Info: src/Robot_pics/Fusion 2.png  used on input line 395.
(pdftex.def)             Requested size: 455.24411pt x 246.82394pt.
 [13 <./src/Robot_pics/Fusion 3.png> <./src/Robot_pics/Fusion 2.png>]
<src/Robot_pics/Finished.png, id=278, 353.82187pt x 457.71pt>
File: src/Robot_pics/Finished.png Graphic file (type png)
<use src/Robot_pics/Finished.png>
Package pdftex.def Info: src/Robot_pics/Finished.png  used on input line 407.
(pdftex.def)             Requested size: 227.62206pt x 294.45593pt.

Overfull \hbox (3.13068pt too wide) in paragraph at lines 414--414
[]\T1/cmr/bx/n/14.4 Implementacja pro-stego kodu we-ry-fi-ku-j¡-cego pra-wi-dªowe pod-
 []

<src/code_snaps/eng_ste_arduino.png, id=280, 415.5525pt x 514.3215pt>
File: src/code_snaps/eng_ste_arduino.png Graphic file (type png)
<use src/code_snaps/eng_ste_arduino.png>
Package pdftex.def Info: src/code_snaps/eng_ste_arduino.png  used on input line 437.
(pdftex.def)             Requested size: 455.24411pt x 563.47166pt.
[14 <./src/Robot_pics/Finished.png>] [15 <./src/code_snaps/eng_ste_arduino.png>]
<src/code_snaps/sensor_init.png, id=296, 899.36pt x 560.0925pt>
File: src/code_snaps/sensor_init.png Graphic file (type png)
<use src/code_snaps/sensor_init.png>
Package pdftex.def Info: src/code_snaps/sensor_init.png  used on input line 465.
(pdftex.def)             Requested size: 227.62206pt x 141.75768pt.
<src/Robot_pics/listwa-kola.jpg, id=298, 1927.2pt x 948.54375pt>
File: src/Robot_pics/listwa-kola.jpg Graphic file (type jpg)
<use src/Robot_pics/listwa-kola.jpg>
Package pdftex.def Info: src/Robot_pics/listwa-kola.jpg  used on input line 487.
(pdftex.def)             Requested size: 227.62206pt x 112.0256pt.
 [16 <./src/code_snaps/sensor_init.png> <./src/Robot_pics/listwa-kola.jpg>]
<src/tech_specifications/L293D Motor Driver Board.png, id=310, 279.9258pt x 160.4394pt>
File: src/tech_specifications/L293D Motor Driver Board.png Graphic file (type png)
<use src/tech_specifications/L293D Motor Driver Board.png>
Package pdftex.def Info: src/tech_specifications/L293D Motor Driver Board.png  used on input line 511.
(pdftex.def)             Requested size: 279.92511pt x 160.43901pt.
<src/tech_specifications/TT Geared Motor with Encoder.png, id=314, 278.9622pt x 300.1614pt>
File: src/tech_specifications/TT Geared Motor with Encoder.png Graphic file (type png)
<use src/tech_specifications/TT Geared Motor with Encoder.png>
Package pdftex.def Info: src/tech_specifications/TT Geared Motor with Encoder.png  used on input line 521.
(pdftex.def)             Requested size: 278.96152pt x 300.16066pt.
 [17 <./src/tech_specifications/L293D Motor Driver Board.png>]
Underfull \hbox (badness 4792) in paragraph at lines 536--536
[]|\T1/cmr/m/n/10 Specyfikacja za-si-la-nia
 []

[18 <./src/tech_specifications/TT Geared Motor with Encoder.png>]

LaTeX Warning: Command \' invalid in math mode on input line 552.


LaTeX Warning: Command \l invalid in math mode on input line 552.

Missing character: There is no ó in font cmr7!
Missing character: There is no ª in font cmr7!
<src/cells_charts/Duracell discharge.png, id=340, 292.9344pt x 189.3474pt>
File: src/cells_charts/Duracell discharge.png Graphic file (type png)
<use src/cells_charts/Duracell discharge.png>
Package pdftex.def Info: src/cells_charts/Duracell discharge.png  used on input line 570.
(pdftex.def)             Requested size: 292.93369pt x 189.34692pt.
[19 <./src/cells_charts/Duracell discharge.png>]
<src/tech_specifications/Li-ion Samsung INR18650-25R .png, id=355, 455.301pt x 176.8206pt>
File: src/tech_specifications/Li-ion Samsung INR18650-25R .png Graphic file (type png)
<use src/tech_specifications/Li-ion Samsung INR18650-25R .png>
Package pdftex.def Info: src/tech_specifications/Li-ion Samsung INR18650-25R .png  used on input line 587.
(pdftex.def)             Requested size: 455.29988pt x 176.82014pt.
<src/cells_charts/Li-ion discharge hours.png, id=361, 455.301pt x 227.8914pt>
File: src/cells_charts/Li-ion discharge hours.png Graphic file (type png)
<use src/cells_charts/Li-ion discharge hours.png>
Package pdftex.def Info: src/cells_charts/Li-ion discharge hours.png  used on input line 598.
(pdftex.def)             Requested size: 455.29988pt x 227.89084pt.
 [20 <./src/tech_specifications/Li-ion Samsung INR18650-25R .png>]
<src/cells_charts/Li-ion discharge minutes.png, id=376, 455.301pt x 227.8914pt>
File: src/cells_charts/Li-ion discharge minutes.png Graphic file (type png)
<use src/cells_charts/Li-ion discharge minutes.png>
Package pdftex.def Info: src/cells_charts/Li-ion discharge minutes.png  used on input line 605.
(pdftex.def)             Requested size: 455.29988pt x 227.89084pt.
 [21 <./src/cells_charts/Li-ion discharge hours.png> <./src/cells_charts/Li-ion discharge minutes.png>]
Overfull \vbox (12.0pt too high) detected at line 620
 []


Overfull \vbox (12.0pt too high) detected at line 635
 []

<src/tech_specifications/BMS 2S 20A 8.4V.png, id=393, 305.34074pt x 210.7875pt>
File: src/tech_specifications/BMS 2S 20A 8.4V.png Graphic file (type png)
<use src/tech_specifications/BMS 2S 20A 8.4V.png>
Package pdftex.def Info: src/tech_specifications/BMS 2S 20A 8.4V.png  used on input line 661.
(pdftex.def)             Requested size: 305.34pt x 210.78699pt.
[22]
<src/cells_charts/BMS 2S schematic.png, id=404, 1931.215pt x 1112.155pt>
File: src/cells_charts/BMS 2S schematic.png Graphic file (type png)
<use src/cells_charts/BMS 2S schematic.png>
Package pdftex.def Info: src/cells_charts/BMS 2S schematic.png  used on input line 670.
(pdftex.def)             Requested size: 341.43307pt x 196.61554pt.
<src/cells_charts/BMS 2S2P schematic.png, id=407, 1158.729pt x 667.293pt>
File: src/cells_charts/BMS 2S2P schematic.png Graphic file (type png)
<use src/cells_charts/BMS 2S2P schematic.png>
Package pdftex.def Info: src/cells_charts/BMS 2S2P schematic.png  used on input line 677.
(pdftex.def)             Requested size: 341.43307pt x 196.62572pt.
 [23 <./src/tech_specifications/BMS 2S 20A 8.4V.png> <./src/cells_charts/BMS 2S schematic.png>] [24 <./src/cells_charts/BMS 2S2P schematic.png>]
LaTeX Font Info:    Font shape `T1/cmtt/bx/n' in size <10> not available
(Font)              Font shape `T1/cmtt/m/n' tried instead on input line 711.
<src/code_snaps/searchDevices.png, id=424, 1608.0075pt x 1551.7975pt>
File: src/code_snaps/searchDevices.png Graphic file (type png)
<use src/code_snaps/searchDevices.png>
Package pdftex.def Info: src/code_snaps/searchDevices.png  used on input line 719.
(pdftex.def)             Requested size: 455.24411pt x 439.33075pt.
 [25]
Overfull \hbox (126.225pt too wide) in paragraph at lines 725--726
\T1/cmr/m/n/10 Implementacja funk-cji czy-ta-nia war-to-±ci z sen-sora jest bar-dzo pro-sr-to-li-nijna. Za po-moc¡ ma-tody \T1/cmtt/m/n/10 readRangeContinuousMillimeters()
 []

<src/code_snaps/readFromSensor.png, id=430, 1254.6875pt x 636.3775pt>
File: src/code_snaps/readFromSensor.png Graphic file (type png)
<use src/code_snaps/readFromSensor.png>
Package pdftex.def Info: src/code_snaps/readFromSensor.png  used on input line 731.
(pdftex.def)             Requested size: 455.24411pt x 230.90184pt.
[26 <./src/code_snaps/searchDevices.png>]
<src/code_snaps/processInfo.png, id=438, 2071.74pt x 2772.3575pt>
File: src/code_snaps/processInfo.png Graphic file (type png)
<use src/code_snaps/processInfo.png>
Package pdftex.def Info: src/code_snaps/processInfo.png  used on input line 753.
(pdftex.def)             Requested size: 455.24411pt x 609.2014pt.
 [27 <./src/code_snaps/readFromSensor.png>] [28 <./src/code_snaps/processInfo.png>]
<src/code_snaps/sendSteer.png, id=452, 1501.61pt x 598.235pt>
File: src/code_snaps/sendSteer.png Graphic file (type png)
<use src/code_snaps/sendSteer.png>
Package pdftex.def Info: src/code_snaps/sendSteer.png  used on input line 765.
(pdftex.def)             Requested size: 455.24411pt x 181.36143pt.
<src/code_snaps/Comunication_slave.png, id=453, 345.54094pt x 357.58594pt>
File: src/code_snaps/Comunication_slave.png Graphic file (type png)
<use src/code_snaps/Comunication_slave.png>
Package pdftex.def Info: src/code_snaps/Comunication_slave.png  used on input line 775.
(pdftex.def)             Requested size: 182.09486pt x 188.44473pt.
<src/code_snaps/movement_implementation.png, id=455, 343.2825pt x 400.49625pt>
File: src/code_snaps/movement_implementation.png Graphic file (type png)
<use src/code_snaps/movement_implementation.png>
Package pdftex.def Info: src/code_snaps/movement_implementation.png  used on input line 784.
(pdftex.def)             Requested size: 182.09486pt x 212.43922pt.
 [29 <./src/code_snaps/sendSteer.png> <./src/code_snaps/Comunication_slave.png>]
<src/Robot_pics/Movement.png, id=467, 532.99126pt x 149.05687pt>
File: src/Robot_pics/Movement.png Graphic file (type png)
<use src/Robot_pics/Movement.png>
Package pdftex.def Info: src/Robot_pics/Movement.png  used on input line 793.
(pdftex.def)             Requested size: 318.66948pt x 89.12094pt.
<src/Robot_pics/test1.jpg, id=469, 711.4078pt x 855.94781pt>
File: src/Robot_pics/test1.jpg Graphic file (type jpg)
<use src/Robot_pics/test1.jpg>
Package pdftex.def Info: src/Robot_pics/test1.jpg  used on input line 816.
(pdftex.def)             Requested size: 273.14923pt x 328.65933pt.
 [30 <./src/code_snaps/movement_implementation.png> <./src/Robot_pics/Movement.png>]
<src/Robot_pics/test2.jpg, id=481, 711.4078pt x 888.31876pt>
File: src/Robot_pics/test2.jpg Graphic file (type jpg)
<use src/Robot_pics/test2.jpg>
Package pdftex.def Info: src/Robot_pics/test2.jpg  used on input line 822.
(pdftex.def)             Requested size: 273.14923pt x 341.08884pt.
 [31 <./src/Robot_pics/test1.jpg>] [32 <./src/Robot_pics/test2.jpg>] [33]
Overfull \hbox (0.3335pt too wide) in paragraph at lines 891--891
[]\T1/cmr/m/n/10 BOTLAND. \T1/cmr/m/it/10 Ogniwo 18650 Li-ion Sam-sung INR18650-25R 2500mAh 20A\T1/cmr/m/n/10 . 2024. \T1/cmr/m/sc/10 url\T1/cmr/m/n/10 : []$\T1/cmtt/m/n/10 https :
 []


Overfull \hbox (164.80136pt too wide) in paragraph at lines 891--891
\T1/cmtt/m/n/10 12679801390 ? bi _ s = ads & bi _ m = listing % 3Adesktop % 3Aquery & bi _ c = OTNmNDg3NTItOWRhNS00ZDY2LTg5NGMtODgwMjYyZWJlMzE3AA &
 []


Overfull \hbox (9.33981pt too wide) in paragraph at lines 891--891
\T1/cmtt/m/n/10 bi _ t = ape & referrer = proxy & emission _ unit _ id = ca43e740 -[] 256d -[] 4c4b -[] b7a9 -[] c21c0136415b &
 []


Overfull \hbox (44.08084pt too wide) in paragraph at lines 891--891
\T1/cmtt/m/n/10 fbclid = IwZXh0bgNhZW0CMTAAAR09SlzbWDEsLIXakBfhl6CUiEjKYxkaIUoVbaIUTpI95RiMR7OhRmCofao _
 []


Overfull \hbox (84.09897pt too wide) in paragraph at lines 891--891
\T1/cmtt/m/n/10 aem _ AaodTfu5K3XsM8NOnaqenDAfCsGCY0fEYhhE1vZcPl5MLo2 -[] KQsEacHMsWM5YihMt _ 2o7eh2hVWE97ilx4SyQIqs$[]\T1/cmr/m/n/10 . 
 []

[34

] (report.aux)
 ***********
LaTeX2e <2023-11-01> patch level 1
L3 programming layer <2024-01-04>
 ***********


LaTeX Warning: There were multiply-defined labels.

Package rerunfilecheck Info: File `report.out' has not changed.
(rerunfilecheck)             Checksum: CD0D2223F992D32A01302D29E21DD6C9;6267.
Package logreq Info: Writing requests to 'report.run.xml'.
\openout1 = `report.run.xml'.

 ) 
Here is how much of TeX's memory you used:
 21870 strings out of 474485
 390500 string characters out of 5743734
 1942542 words of memory out of 5000000
 43812 multiletter control sequences out of 15000+600000
 568476 words of font info for 51 fonts, out of 8000000 for 9000
 1141 hyphenation exceptions out of 8191
 66i,16n,81p,1346b,1861s stack positions out of 10000i,1000n,20000p,200000b,200000s
 <C:\Users\Legdi\AppData\Local\MiKTeX\fonts/pk/ljfour/jknappen/ec/dpi600\eccc1000.pk> <C:\Users\Legdi\AppData\Local\MiKTeX\fonts/pk/ljfour/jknappen/ec/dpi600\ecbx1000.pk> <C:\Users\Legdi\AppData\Local\MiKTeX\fonts/pk/ljfour/jknappen/ec/dpi600\ectt1000.pk> <C:\Users\Legdi\AppData\Local\MiKTeX\fonts/pk/ljfour/jknappen/ec/dpi600\ecti1000.pk> <C:\Users\Legdi\AppData\Local\MiKTeX\fonts/pk/ljfour/jknappen/ec/dpi600\tcrm1000.pk> <C:\Users\Legdi\AppData\Local\MiKTeX\fonts/pk/ljfour/jknappen/ec/dpi600\ecbx1200.pk> <C:\Users\Legdi\AppData\Local\MiKTeX\fonts/pk/ljfour/jknappen/ec/dpi600\ecbx1440.pk> <C:\Users\Legdi\AppData\Local\MiKTeX\fonts/pk/ljfour/jknappen/ec/dpi600\ecrm1200.pk> <C:\Users\Legdi\AppData\Local\MiKTeX\fonts/pk/ljfour/jknappen/ec/dpi600\ecrm1000.pk> <C:\Users\Legdi\AppData\Local\MiKTeX\fonts/pk/ljfour/jknappen/ec/dpi600\ecrm1440.pk> <C:\Users\Legdi\AppData\Local\MiKTeX\fonts/pk/ljfour/jknappen/ec/dpi600\ecrm1728.pk> <C:\Users\Legdi\AppData\Local\MiKTeX\fonts/pk/ljfour/jknappen/ec/dpi600\ecbx1728.pk> <C:\Users\Legdi\AppData\Local\MiKTeX\fonts/pk/ljfour/jknappen/ec/dpi600\ecti1728.pk> <C:\Users\Legdi\AppData\Local\MiKTeX\fonts/pk/ljfour/jknappen/ec/dpi600\ecbx2488.pk> <C:\Users\Legdi\AppData\Local\MiKTeX\fonts/pk/ljfour/jknappen/ec/dpi600\ecrm2488.pk><D:/Users/Legdi/AppData/Local/Programs/MiKTeX/fonts/type1/public/amsfonts/cm/cmmi10.pfb><D:/Users/Legdi/AppData/Local/Programs/MiKTeX/fonts/type1/public/amsfonts/cm/cmmi5.pfb><D:/Users/Legdi/AppData/Local/Programs/MiKTeX/fonts/type1/public/amsfonts/cm/cmmi7.pfb><D:/Users/Legdi/AppData/Local/Programs/MiKTeX/fonts/type1/public/amsfonts/cm/cmr10.pfb><D:/Users/Legdi/AppData/Local/Programs/MiKTeX/fonts/type1/public/amsfonts/cm/cmr7.pfb><D:/Users/Legdi/AppData/Local/Programs/MiKTeX/fonts/type1/public/amsfonts/cm/cmsy10.pfb>
Output written on report.pdf (35 pages, 8252879 bytes).
PDF statistics:
 1171 PDF objects out of 1200 (max. 8388607)
 129 named destinations out of 1000 (max. 500000)
 503 words of extra memory for PDF output out of 10000 (max. 10000000)

