\BOOKMARK [1][-]{section.0.1}{\376\377\000W\000p\000r\000o\000w\000a\000d\000z\000e\000n\000i\000e}{}% 1
\BOOKMARK [2][-]{subsection.0.1.1}{\376\377\000C\000e\000l\000\040\000p\000r\000o\000j\000e\000k\000t\000u}{section.0.1}% 2
\BOOKMARK [2][-]{subsection.0.1.2}{\376\377\000Z\000a\001\102\000o\001\174\000e\000n\000i\000a\000\040\000w\000s\000t\001\031\000p\000n\000e}{section.0.1}% 3
\BOOKMARK [1][-]{section.0.2}{\376\377\000R\000e\000a\000l\000i\000z\000a\000c\000j\000a\000\040\000p\000r\000o\000j\000e\000k\000t\000u}{}% 4
\BOOKMARK [2][-]{subsection.0.2.1}{\376\377\000P\000a\000n\000e\000l\000\040\000s\000t\000e\000r\000o\000w\000a\000n\000i\000a\000\040\000w\000\040\000a\000p\000l\000i\000k\000a\000c\000j\000i}{section.0.2}% 5
\BOOKMARK [2][-]{subsection.0.2.2}{\376\377\000I\000n\000t\000e\000r\000f\000e\000j\000s\000\040\000u\001\174\000y\000t\000k\000o\000w\000n\000i\000k\000a\000\040\000a\000p\000l\000i\000k\000a\000c\000j\000i\000\040}{section.0.2}% 6
\BOOKMARK [2][-]{subsection.0.2.3}{\376\377\000I\000m\000p\000l\000e\000m\000e\000n\000t\000a\000c\000j\000a\000\040\000p\000o\001\102\001\005\000c\000z\000e\000n\000i\000a\000\040\000B\000l\000u\000e\000t\000o\000o\000t\000h}{section.0.2}% 7
\BOOKMARK [2][-]{subsection.0.2.4}{\376\377\000I\000m\000p\000l\000e\000m\000e\000n\000t\000a\000c\000j\000a\000\040\000p\000r\000z\000e\000s\000y\001\102\000a\000n\000i\000a\000\040\000d\000a\000n\000y\000c\000h}{section.0.2}% 8
\BOOKMARK [2][-]{subsection.0.2.5}{\376\377\000I\000m\000p\000l\000e\000m\000e\000n\000t\000a\000c\000j\000a\000\040\000p\000r\000o\000s\000t\000e\000g\000o\000\040\000s\000k\000r\000y\000p\000t\000u\000\040\000w\000\040\000o\000d\000c\000z\000y\000t\000u\000j\001\005\000c\000e\000g\000o\000\040\000d\000a\000n\000e\000\040\000z\000\040\000k\000a\000n\000a\001\102\000u\000\040\000B\000L\000E\000\040}{section.0.2}% 9
\BOOKMARK [2][-]{subsection.0.2.6}{\376\377\000P\000r\000o\000c\000e\000s\000\040\000w\000y\000k\000o\000n\000y\000w\000a\000n\000i\000a\000\040\000p\000r\000o\000j\000e\000k\000t\000u\000\040\000o\000b\000u\000d\000o\000w\000y\000\040\000r\000o\000b\000o\000t\000a}{section.0.2}% 10
\BOOKMARK [2][-]{subsection.0.2.7}{\376\377\000I\000m\000p\000l\000e\000m\000e\000n\000t\000a\000c\000j\000a\000\040\000p\000r\000o\000s\000t\000e\000g\000o\000\040\000k\000o\000d\000u\000\040\000w\000e\000r\000y\000f\000i\000k\000u\000j\001\005\000c\000e\000g\000o\000\040\000p\000r\000a\000w\000i\000d\001\102\000o\000w\000e\000\040\000p\000o\000d\001\102\001\005\000c\000z\000e\000n\000i\000e\000\040\000s\000i\000l\000n\000i\000k\000\363\000w}{section.0.2}% 11
\BOOKMARK [2][-]{subsection.0.2.8}{\376\377\000P\000o\000d\001\102\001\005\000c\000z\000e\000n\000i\000e\000\040\000o\000r\000a\000z\000\040\000w\000e\000r\000y\000f\000i\000k\000a\000c\000j\000a\000\040\000p\000o\000p\000r\000a\000w\000n\000o\001\133\000c\000i\000\040\000d\000z\000i\000a\001\102\000a\000n\000i\000a\000\040\000c\000z\000u\000j\000n\000i\000k\000\363\000w\000\040\000l\000a\000s\000e\000r\000o\000w\000y\000c\000h}{section.0.2}% 12
\BOOKMARK [2][-]{subsection.0.2.9}{\376\377\000M\000o\000n\000t\000a\001\174\000\040\000s\000i\000l\000n\000i\000k\000\363\000w\000\040\000w\000e\000w\000n\001\005\000t\000r\000z\000\040\000d\000o\000l\000n\000e\000j\000\040\000k\000o\000m\000o\000r\000y\000\040\000o\000b\000u\000d\000o\000w\000y}{section.0.2}% 13
\BOOKMARK [2][-]{subsection.0.2.10}{\376\377\000M\000o\000n\000t\000a\001\174\000\040\000o\000g\000n\000i\000w\000\040\000w\000r\000a\000z\000\040\000z\000\040\000u\000k\001\102\000a\000d\000e\000m\000\040\000B\000M\000S\000\040\000o\000r\000a\000z\000\040\000p\000o\000d\001\102\001\005\000c\000z\000e\000n\000i\000e\000\040\000c\000z\000u\000j\000n\000i\000k\000\363\000w}{section.0.2}% 14
\BOOKMARK [3][-]{subsubsection.0.2.10.1}{\376\377\000O\000b\000l\000i\000c\000z\000a\000n\000i\000e\000\040\000p\000a\000r\000a\000m\000e\000t\000r\000\363\000w\000\040\000z\000a\000s\000i\000l\000a\000n\000i\000a}{subsection.0.2.10}% 15
\BOOKMARK [3][-]{subsubsection.0.2.10.2}{\376\377\000D\000o\000b\000\363\000r\000\040\000z\000a\000s\000i\000l\000a\000n\000i\000a}{subsection.0.2.10}% 16
\BOOKMARK [3][-]{subsubsection.0.2.10.3}{\376\377\000D\000o\000b\000\363\000r\000\040\000u\000k\001\102\000a\000d\000u\000\040\000B\000M\000S}{subsection.0.2.10}% 17
\BOOKMARK [2][-]{subsection.0.2.11}{\376\377\000I\000n\000t\000e\000g\000r\000a\000c\000j\000a\000\040\000c\000z\000u\000j\000n\000i\000k\000\363\000w\000\040\000z\000\040\000s\000i\000l\000n\000i\000k\000a\000m\000i\000\040\000o\000r\000a\000z\000\040\000i\000m\000p\000l\000e\000m\000e\000n\000t\000a\000c\000j\000a\000\040\000l\000o\000g\000i\000k\000i\000\040\000s\000t\000e\000r\000o\000w\000a\000n\000i\000a}{section.0.2}% 18
\BOOKMARK [3][-]{subsubsection.0.2.11.1}{\376\377\000M\000a\000s\000t\000e\000r}{subsection.0.2.11}% 19
\BOOKMARK [3][-]{subsubsection.0.2.11.2}{\376\377\000S\000l\000a\000v\000e}{subsection.0.2.11}% 20
\BOOKMARK [2][-]{subsection.0.2.12}{\376\377\000T\000e\000s\000t\000y\000\040\000p\000o\000p\000r\000a\000w\000n\000o\001\133\000c\000i\000\040\000d\000z\000i\000a\001\102\000a\000n\000i\000a\000\040\000a\000l\000g\000o\000r\000y\000t\000m\000u\000\040\000s\000t\000e\000r\000u\000j\001\005\000c\000e\000g\000o}{section.0.2}% 21
\BOOKMARK [1][-]{section.0.3}{\376\377\000N\000a\000p\000o\000t\000k\000a\000n\000e\000\040\000p\000r\000o\000b\000l\000e\000m\000y}{}% 22
\BOOKMARK [2][-]{subsection.0.3.1}{\376\377\000P\000o\000d\001\102\001\005\000c\000z\000e\000n\000i\000e\000\040\000l\000a\000s\000e\000r\000o\000w\000y\000c\000h\000\040\000c\000z\000u\000j\000n\000i\000k\000\363\000w\000\040\000o\000d\000l\000e\000g\001\102\000o\001\133\000c\000i}{section.0.3}% 23
\BOOKMARK [2][-]{subsection.0.3.2}{\376\377\000M\000o\000n\000t\000a\001\174\000\040\000s\000i\000l\000n\000i\000k\000\363\000w\000\040\000o\000r\000a\000z\000\040\000k\000\363\001\102}{section.0.3}% 24
\BOOKMARK [2][-]{subsection.0.3.3}{\376\377\000I\000m\000p\000l\000e\000m\000e\000n\000t\000a\000c\000j\000a\000\040\000l\000o\000g\000i\000k\000i\000\040\000s\000t\000e\000r\000o\000w\000a\000n\000i\000a}{section.0.3}% 25
\BOOKMARK [1][-]{section.0.4}{\376\377\000P\000o\000d\000s\000u\000m\000o\000w\000a\000n\000i\000e}{}% 26
